Started GET "/" for 127.0.0.1 at 2018-05-21 18:41:39 +0300
Processing by Rails::WelcomeController#index as HTML
  Rendering /home/bidofan/.rvm/gems/ruby-2.5.1/gems/railties-5.2.0/lib/rails/templates/rails/welcome/index.html.erb
  Rendered /home/bidofan/.rvm/gems/ruby-2.5.1/gems/railties-5.2.0/lib/rails/templates/rails/welcome/index.html.erb (6.3ms)
Completed 200 OK in 92ms (Views: 37.2ms | ActiveRecord: 0.0ms)


Started GET "/" for 127.0.0.1 at 2018-05-21 18:45:41 +0300
Processing by Rails::WelcomeController#index as HTML
  Rendering /home/bidofan/.rvm/gems/ruby-2.5.1/gems/railties-5.2.0/lib/rails/templates/rails/welcome/index.html.erb
  Rendered /home/bidofan/.rvm/gems/ruby-2.5.1/gems/railties-5.2.0/lib/rails/templates/rails/welcome/index.html.erb (5.3ms)
Completed 200 OK in 27ms (Views: 10.3ms | ActiveRecord: 0.0ms)


Started GET "/" for 127.0.0.1 at 2018-05-21 18:46:47 +0300
Processing by HomeController#index as HTML
  Rendering home/index.html.erb within layouts/application
  Rendered home/index.html.erb within layouts/application (1.4ms)
Started GET "/" for 127.0.0.1 at 2018-05-21 18:46:51 +0300
Processing by HomeController#index as HTML
  Rendering home/index.html.erb within layouts/application
  Rendered home/index.html.erb within layouts/application (2.7ms)
Completed 200 OK in 4951ms (Views: 4920.3ms | ActiveRecord: 0.0ms)


Completed 200 OK in 1811ms (Views: 1804.8ms | ActiveRecord: 0.0ms)


